[     126ms] [ERROR] Failed to load resource: the server responded with a status of 500 (Internal Server Error) @ http://localhost:3000/:0
[     336ms] Error: Your project's URL and Key are required to create a Supabase client!

Check your Supabase project's API settings to find these values

https://supabase.com/dashboard/project/_/settings/api
    at <unknown> (https://supabase.com/dashboard/project/_/settings/api)
    at <unknown> (https://supabase.com/dashboard/project/_/settings/api)
    at createServerClient (file:///Users/anand/Downloads/agri_updates/.next/dev/server/edge/chunks/node_modules_f76aabff._.js:9330:15)
    at updateSession (file:///Users/anand/Downloads/agri_updates/.next/dev/server/edge/chunks/[root-of-the-server]__577ae54c._.js:56:226)
    at middleware (file:///Users/anand/Downloads/agri_updates/.next/dev/server/edge/chunks/[root-of-the-server]__577ae54c._.js:142:182)
    at <unknown> (file:///Users/anand/Downloads/agri_updates/.next/dev/server/edge/chunks/node_modules_next_dist_4a502595._.js:12015:26)
    at AsyncLocalStorage.run (node:internal/async_local_storage/async_context_frame:63:14)
    at <unknown> (file:///Users/anand/Downloads/agri_updates/.next/dev/server/edge/chunks/node_modules_next_dist_4a502595._.js:7310:655)
    at AsyncLocalStorage.run (node:internal/async_local_storage/async_context_frame:63:14)
    at <unknown> (file:///Users/anand/Downloads/agri_updates/.next/dev/server/edge/chunks/node_modules_next_dist_4a502595._.js:7310:325)
    at async adapter (file:///Users/anand/Downloads/agri_updates/.next/dev/server/edge/chunks/node_modules_next_dist_4a502595._.js:7265:16)
    at async (file:///Users/anand/Downloads/agri_updates/node_modules/next/dist/server/web/sandbox/sandbox.js:112:26)
[   25842ms] [ERROR] WebSocket connection to 'ws://localhost:3000/_next/webpack-hmr' failed: Error in connection establishment: net::ERR_CONNECTION_REFUSED @ http://localhost:3000/_next/static/chunks/node_modules_next_dist_client_5a8a528e._.js:2266
[   26846ms] [ERROR] WebSocket connection to 'ws://localhost:3000/_next/webpack-hmr' failed: Error in connection establishment: net::ERR_CONNECTION_REFUSED @ http://localhost:3000/_next/static/chunks/node_modules_next_dist_client_5a8a528e._.js:2266
[   27849ms] [ERROR] WebSocket connection to 'ws://localhost:3000/_next/webpack-hmr' failed: Error in connection establishment: net::ERR_CONNECTION_REFUSED @ http://localhost:3000/_next/static/chunks/node_modules_next_dist_client_5a8a528e._.js:2266
[   28851ms] [ERROR] WebSocket connection to 'ws://localhost:3000/_next/webpack-hmr' failed: Error in connection establishment: net::ERR_CONNECTION_REFUSED @ http://localhost:3000/_next/static/chunks/node_modules_next_dist_client_5a8a528e._.js:2266
[   32313ms] [ERROR] Failed to load resource: the server responded with a status of 500 (Internal Server Error) @ http://localhost:3000/:0
[   32438ms] Error: supabaseKey is required.
    at new SupabaseClient (file:///Users/anand/Downloads/agri_updates/.next/dev/server/chunks/ssr/node_modules_652cb114._.js:20610:33)
    at createClient (file:///Users/anand/Downloads/agri_updates/.next/dev/server/chunks/ssr/node_modules_652cb114._.js:20800:12)
    at module evaluation (file:///Users/anand/Downloads/agri_updates/.next/dev/server/chunks/ssr/[root-of-the-server]__b3862585._.js:1005:218)
    at instantiateModule (file:///Users/anand/Downloads/agri_updates/.next/dev/server/chunks/ssr/[turbopack]_runtime.js:740:9)
    at getOrInstantiateModuleFromParent (file:///Users/anand/Downloads/agri_updates/.next/dev/server/chunks/ssr/[turbopack]_runtime.js:763:12)
    at Context.esmImport [as i] (file:///Users/anand/Downloads/agri_updates/.next/dev/server/chunks/ssr/[turbopack]_runtime.js:228:20)
    at module evaluation (file:///Users/anand/Downloads/agri_updates/.next/dev/server/chunks/ssr/[root-of-the-server]__b3862585._.js:1035:148)
    at instantiateModule (file:///Users/anand/Downloads/agri_updates/.next/dev/server/chunks/ssr/[turbopack]_runtime.js:740:9)
    at getOrInstantiateModuleFromParent (file:///Users/anand/Downloads/agri_updates/.next/dev/server/chunks/ssr/[turbopack]_runtime.js:763:12)
    at Context.esmImport [as i] (file:///Users/anand/Downloads/agri_updates/.next/dev/server/chunks/ssr/[turbopack]_runtime.js:228:20)
    at module evaluation (file:///Users/anand/Downloads/agri_updates/.next/dev/server/chunks/ssr/[root-of-the-server]__b3862585._.js:1568:47)
    at instantiateModule (file:///Users/anand/Downloads/agri_updates/.next/dev/server/chunks/ssr/[turbopack]_runtime.js:740:9)
    at getOrInstantiateModuleFromParent (file:///Users/anand/Downloads/agri_updates/.next/dev/server/chunks/ssr/[turbopack]_runtime.js:763:12)
    at Context.commonJsRequire [as r] (file:///Users/anand/Downloads/agri_updates/.next/dev/server/chunks/ssr/[turbopack]_runtime.js:249:12)
    at Array.__TURBOPACK__page__$23$10__ (file:///Users/anand/Downloads/agri_updates/.next/dev/server/chunks/ssr/node_modules_652cb114._.js:20874:63)
    at getLayoutOrPageModule (file:///Users/anand/Downloads/agri_updates/node_modules/next/dist/compiled/next-server/app-page-turbo.runtime.dev.js:37:6553)
    at <unknown> (file:///Users/anand/Downloads/agri_updates/node_modules/next/dist/compiled/next-server/app-page-turbo.runtime.dev.js:37:25664)
    at <unknown> (file:///Users/anand/Downloads/agri_updates/node_modules/next/dist/server/lib/trace/tracer.js:185:36)
    at NoopContextManager.with (file:///Users/anand/Downloads/agri_updates/node_modules/next/dist/compiled/@opentelemetry/api/index.js:1:7062)
    at ContextAPI.with (file:///Users/anand/Downloads/agri_updates/node_modules/next/dist/compiled/@opentelemetry/api/index.js:1:518)
    at NoopTracer.startActiveSpan (file:///Users/anand/Downloads/agri_updates/node_modules/next/dist/compiled/@opentelemetry/api/index.js:1:18093)
    at ProxyTracer.startActiveSpan (file:///Users/anand/Downloads/agri_updates/node_modules/next/dist/compiled/@opentelemetry/api/index.js:1:18854)
    at <unknown> (file:///Users/anand/Downloads/agri_updates/node_modules/next/dist/server/lib/trace/tracer.js:154:103)
    at NoopContextManager.with (file:///Users/anand/Downloads/agri_updates/node_modules/next/dist/compiled/@opentelemetry/api/index.js:1:7062)
    at ContextAPI.with (file:///Users/anand/Downloads/agri_updates/node_modules/next/dist/compiled/@opentelemetry/api/index.js:1:518)
    at NextTracerImpl.trace (file:///Users/anand/Downloads/agri_updates/node_modules/next/dist/server/lib/trace/tracer.js:154:28)
    at createComponentTreeInternal (file:///Users/anand/Downloads/agri_updates/node_modules/next/dist/compiled/next-server/app-page-turbo.runtime.dev.js:37:25501)
    at <unknown> (file:///Users/anand/Downloads/agri_updates/node_modules/next/dist/compiled/next-server/app-page-turbo.runtime.dev.js:37:31871)
    at Array.map (<anonymous>)
    at createComponentTreeInternal (file:///Users/anand/Downloads/agri_updates/node_modules/next/dist/compiled/next-server/app-page-turbo.runtime.dev.js:37:31128)
    at async getRSCPayload (file:///Users/anand/Downloads/agri_updates/node_modules/next/dist/compiled/next-server/app-page-turbo.runtime.dev.js:41:29997)
    at async (file:///Users/anand/Downloads/agri_updates/node_modules/next/dist/compiled/next-server/app-page-turbo.runtime.dev.js:41:58105)
    at async renderToHTMLOrFlightImpl (file:///Users/anand/Downloads/agri_updates/node_modules/next/dist/compiled/next-server/app-page-turbo.runtime.dev.js:41:43380)
    at async doRender (file:///Users/anand/Downloads/agri_updates/.next/dev/server/chunks/ssr/node_modules_652cb114._.js:21291:28)
    at async AppPageRouteModule.handleResponse (file:///Users/anand/Downloads/agri_updates/node_modules/next/dist/compiled/next-server/app-page-turbo.runtime.dev.js:43:64241)
    at async handleResponse (file:///Users/anand/Downloads/agri_updates/.next/dev/server/chunks/ssr/node_modules_652cb114._.js:21497:32)
    at async Module.handler (file:///Users/anand/Downloads/agri_updates/.next/dev/server/chunks/ssr/node_modules_652cb114._.js:21868:20)
    at async DevServer.renderToResponseWithComponentsImpl (file:///Users/anand/Downloads/agri_updates/node_modules/next/dist/server/base-server.js:1422:9)
    at async DevServer.renderPageComponent (file:///Users/anand/Downloads/agri_updates/node_modules/next/dist/server/base-server.js:1474:24)
    at async DevServer.renderToResponseImpl (file:///Users/anand/Downloads/agri_updates/node_modules/next/dist/server/base-server.js:1524:32)
    at async DevServer.pipeImpl (file:///Users/anand/Downloads/agri_updates/node_modules/next/dist/server/base-server.js:1018:25)
    at async NextNodeServer.handleCatchallRenderRequest (file:///Users/anand/Downloads/agri_updates/node_modules/next/dist/server/next-server.js:395:17)
    at async DevServer.handleRequestImpl (file:///Users/anand/Downloads/agri_updates/node_modules/next/dist/server/base-server.js:909:17)
    at async (file:///Users/anand/Downloads/agri_updates/node_modules/next/dist/server/dev/next-dev-server.js:387:20)
    at async Span.traceAsyncFn (file:///Users/anand/Downloads/agri_updates/node_modules/next/dist/trace/trace.js:157:20)
    at async DevServer.handleRequest (file:///Users/anand/Downloads/agri_updates/node_modules/next/dist/server/dev/next-dev-server.js:383:24)
    at async invokeRender (file:///Users/anand/Downloads/agri_updates/node_modules/next/dist/server/lib/router-server.js:248:21)
    at async handleRequest (file:///Users/anand/Downloads/agri_updates/node_modules/next/dist/server/lib/router-server.js:447:24)
    at async requestHandlerImpl (file:///Users/anand/Downloads/agri_updates/node_modules/next/dist/server/lib/router-server.js:496:13)
    at async Server.requestListener (file:///Users/anand/Downloads/agri_updates/node_modules/next/dist/server/lib/start-server.js:226:13)
